# JRE version: Java(TM) SE Runtime Environment (8.0_31-b13) (build 1.8.0_31-b13)
# Java VM: Java HotSpot(TM) 64-Bit Server VM (25.31-b07 mixed mode linux-amd64 compressed oops)
Heap:
 PSYoungGen      total 24064K, used 713K [0x00000000d6f00000, 0x00000000d8780000, 0x0000000100000000)
  eden space 23552K, 2% used [0x00000000d6f00000,0x00000000d6f927b0,0x00000000d8600000)
  from space 512K, 25% used [0x00000000d8680000,0x00000000d86a0000,0x00000000d8700000)
  to   space 512K, 0% used [0x00000000d8700000,0x00000000d8700000,0x00000000d8780000)
 ParOldGen       total 84992K, used 3873K [0x0000000084c00000, 0x0000000089f00000, 0x00000000d6f00000)
  object space 84992K, 4% used [0x0000000084c00000,0x0000000084fc8568,0x0000000089f00000)
 Metaspace       used 13063K, capacity 13172K, committed 13312K, reserved 1060864K
  class space    used 1412K, capacity 1478K, committed 1536K, reserved 1048576K
GC Heap History (10 events):
Event: 101.564 GC heap before
{Heap before GC invocations=283 (full 0):
 PSYoungGen      total 24064K, used 23648K [0x00000000d6f00000, 0x00000000d8780000, 0x0000000100000000)
  eden space 23552K, 100% used [0x00000000d6f00000,0x00000000d8600000,0x00000000d8600000)
  from space 512K, 18% used [0x00000000d8700000,0x00000000d8718000,0x00000000d8780000)
  to   space 512K, 0% used [0x00000000d8680000,0x00000000d8680000,0x00000000d8700000)
 ParOldGen       total 84992K, used 3825K [0x0000000084c00000, 0x0000000089f00000, 0x00000000d6f00000)
  object space 84992K, 4% used [0x0000000084c00000,0x0000000084fbc568,0x0000000089f00000)
 Metaspace       used 13059K, capacity 13172K, committed 13312K, reserved 1060864K
  class space    used 1412K, capacity 1478K, committed 1536K, reserved 1048576K
Event: 101.565 GC heap after
Heap after GC invocations=283 (full 0):
 PSYoungGen      total 24064K, used 96K [0x00000000d6f00000, 0x00000000d8780000, 0x0000000100000000)
  eden space 23552K, 0% used [0x00000000d6f00000,0x00000000d6f00000,0x00000000d8600000)
  from space 512K, 18% used [0x00000000d8680000,0x00000000d8698000,0x00000000d8700000)
  to   space 512K, 0% used [0x00000000d8700000,0x00000000d8700000,0x00000000d8780000)
 ParOldGen       total 84992K, used 3825K [0x0000000084c00000, 0x0000000089f00000, 0x00000000d6f00000)
  object space 84992K, 4% used [0x0000000084c00000,0x0000000084fbc568,0x0000000089f00000)
 Metaspace       used 13059K, capacity 13172K, committed 13312K, reserved 1060864K
  class space    used 1412K, capacity 1478K, committed 1536K, reserved 1048576K
}
Event: 101.808 GC heap before
{Heap before GC invocations=284 (full 0):
 PSYoungGen      total 24064K, used 23648K [0x00000000d6f00000, 0x00000000d8780000, 0x0000000100000000)
  eden space 23552K, 100% used [0x00000000d6f00000,0x00000000d8600000,0x00000000d8600000)
  from space 512K, 18% used [0x00000000d8680000,0x00000000d8698000,0x00000000d8700000)
  to   space 512K, 0% used [0x00000000d8700000,0x00000000d8700000,0x00000000d8780000)
 ParOldGen       total 84992K, used 3825K [0x0000000084c00000, 0x0000000089f00000, 0x00000000d6f00000)
  object space 84992K, 4% used [0x0000000084c00000,0x0000000084fbc568,0x0000000089f00000)
 Metaspace       used 13059K, capacity 13172K, committed 13312K, reserved 1060864K
  class space    used 1412K, capacity 1478K, committed 1536K, reserved 1048576K
Event: 101.808 GC heap after
Heap after GC invocations=284 (full 0):
 PSYoungGen      total 24064K, used 96K [0x00000000d6f00000, 0x00000000d8780000, 0x0000000100000000)
  eden space 23552K, 0% used [0x00000000d6f00000,0x00000000d6f00000,0x00000000d8600000)
  from space 512K, 18% used [0x00000000d8700000,0x00000000d8718000,0x00000000d8780000)
  to   space 512K, 0% used [0x00000000d8680000,0x00000000d8680000,0x00000000d8700000)
 ParOldGen       total 84992K, used 3841K [0x0000000084c00000, 0x0000000089f00000, 0x00000000d6f00000)
  object space 84992K, 4% used [0x0000000084c00000,0x0000000084fc0568,0x0000000089f00000)
 Metaspace       used 13059K, capacity 13172K, committed 13312K, reserved 1060864K
  class space    used 1412K, capacity 1478K, committed 1536K, reserved 1048576K
}
Event: 102.049 GC heap before
{Heap before GC invocations=285 (full 0):
 PSYoungGen      total 24064K, used 23648K [0x00000000d6f00000, 0x00000000d8780000, 0x0000000100000000)
  eden space 23552K, 100% used [0x00000000d6f00000,0x00000000d8600000,0x00000000d8600000)
  from space 512K, 18% used [0x00000000d8700000,0x00000000d8718000,0x00000000d8780000)
  to   space 512K, 0% used [0x00000000d8680000,0x00000000d8680000,0x00000000d8700000)
 ParOldGen       total 84992K, used 3841K [0x0000000084c00000, 0x0000000089f00000, 0x00000000d6f00000)
  object space 84992K, 4% used [0x0000000084c00000,0x0000000084fc0568,0x0000000089f00000)
 Metaspace       used 13059K, capacity 13172K, committed 13312K, reserved 1060864K
  class space    used 1412K, capacity 1478K, committed 1536K, reserved 1048576K
Event: 102.050 GC heap after
Heap after GC invocations=285 (full 0):
 PSYoungGen      total 24064K, used 96K [0x00000000d6f00000, 0x00000000d8780000, 0x0000000100000000)
  eden space 23552K, 0% used [0x00000000d6f00000,0x00000000d6f00000,0x00000000d8600000)
  from space 512K, 18% used [0x00000000d8680000,0x00000000d8698000,0x00000000d8700000)
  to   space 512K, 0% used [0x00000000d8700000,0x00000000d8700000,0x00000000d8780000)
 ParOldGen       total 84992K, used 3841K [0x0000000084c00000, 0x0000000089f00000, 0x00000000d6f00000)
  object space 84992K, 4% used [0x0000000084c00000,0x0000000084fc0568,0x0000000089f00000)
 Metaspace       used 13059K, capacity 13172K, committed 13312K, reserved 1060864K
  class space    used 1412K, capacity 1478K, committed 1536K, reserved 1048576K
}
Event: 102.290 GC heap before
{Heap before GC invocations=286 (full 0):
 PSYoungGen      total 24064K, used 23648K [0x00000000d6f00000, 0x00000000d8780000, 0x0000000100000000)
  eden space 23552K, 100% used [0x00000000d6f00000,0x00000000d8600000,0x00000000d8600000)
  from space 512K, 18% used [0x00000000d8680000,0x00000000d8698000,0x00000000d8700000)
  to   space 512K, 0% used [0x00000000d8700000,0x00000000d8700000,0x00000000d8780000)
 ParOldGen       total 84992K, used 3841K [0x0000000084c00000, 0x0000000089f00000, 0x00000000d6f00000)
  object space 84992K, 4% used [0x0000000084c00000,0x0000000084fc0568,0x0000000089f00000)
 Metaspace       used 13059K, capacity 13172K, committed 13312K, reserved 1060864K
  class space    used 1412K, capacity 1478K, committed 1536K, reserved 1048576K
Event: 102.291 GC heap after
Heap after GC invocations=286 (full 0):
 PSYoungGen      total 24064K, used 128K [0x00000000d6f00000, 0x00000000d8780000, 0x0000000100000000)
  eden space 23552K, 0% used [0x00000000d6f00000,0x00000000d6f00000,0x00000000d8600000)
  from space 512K, 25% used [0x00000000d8700000,0x00000000d8720000,0x00000000d8780000)
  to   space 512K, 0% used [0x00000000d8680000,0x00000000d8680000,0x00000000d8700000)
 ParOldGen       total 84992K, used 3857K [0x0000000084c00000, 0x0000000089f00000, 0x00000000d6f00000)
  object space 84992K, 4% used [0x0000000084c00000,0x0000000084fc4568,0x0000000089f00000)
 Metaspace       used 13059K, capacity 13172K, committed 13312K, reserved 1060864K
  class space    used 1412K, capacity 1478K, committed 1536K, reserved 1048576K
}
Event: 104.148 GC heap before
{Heap before GC invocations=287 (full 0):
 PSYoungGen      total 24064K, used 23680K [0x00000000d6f00000, 0x00000000d8780000, 0x0000000100000000)
  eden space 23552K, 100% used [0x00000000d6f00000,0x00000000d8600000,0x00000000d8600000)
  from space 512K, 25% used [0x00000000d8700000,0x00000000d8720000,0x00000000d8780000)
  to   space 512K, 0% used [0x00000000d8680000,0x00000000d8680000,0x00000000d8700000)
 ParOldGen       total 84992K, used 3857K [0x0000000084c00000, 0x0000000089f00000, 0x00000000d6f00000)
  object space 84992K, 4% used [0x0000000084c00000,0x0000000084fc4568,0x0000000089f00000)
 Metaspace       used 13059K, capacity 13172K, committed 13312K, reserved 1060864K
  class space    used 1412K, capacity 1478K, committed 1536K, reserved 1048576K
Event: 104.149 GC heap after
Heap after GC invocations=287 (full 0):
 PSYoungGen      total 24064K, used 128K [0x00000000d6f00000, 0x00000000d8780000, 0x0000000100000000)
  eden space 23552K, 0% used [0x00000000d6f00000,0x00000000d6f00000,0x00000000d8600000)
  from space 512K, 25% used [0x00000000d8680000,0x00000000d86a0000,0x00000000d8700000)
  to   space 512K, 0% used [0x00000000d8700000,0x00000000d8700000,0x00000000d8780000)
 ParOldGen       total 84992K, used 3873K [0x0000000084c00000, 0x0000000089f00000, 0x00000000d6f00000)
  object space 84992K, 4% used [0x0000000084c00000,0x0000000084fc8568,0x0000000089f00000)
 Metaspace       used 13059K, capacity 13172K, committed 13312K, reserved 1060864K
  class space    used 1412K, capacity 1478K, committed 1536K, reserved 1048576K
}

